Using pre-set license
Built from '2021.3/staging' branch; Version is '2021.3.6f1 (7da38d85baf6) revision 8233869'; Using compiler version '192829333'; Build Type 'Release'
OS: 'Windows 10  (10.0.19045) 64bit Core' Language: 'en' Physical Memory: 16235 MB
BatchMode: 1, IsHumanControllingUs: 0, StartBugReporterOnCrash: 0, Is64bit: 1, IsPro: 1

COMMAND LINE ARGUMENTS:
C:\Program Files\Unity\Hub\Editor\2021.3.6f1\Editor\Unity.exe
-adb2
-batchMode
-noUpm
-name
AssetImportWorker1
-projectPath
C:/Users/Kurogane/Desktop/CCLASS/CVOX/CVOX
-logFile
Logs/AssetImportWorker1.log
-srvPort
49528
Successfully changed project path to: C:/Users/Kurogane/Desktop/CCLASS/CVOX/CVOX
C:/Users/Kurogane/Desktop/CCLASS/CVOX/CVOX
[UnityMemory] Configuration Parameters - Can be set up in boot.config
    "memorysetup-bucket-allocator-granularity=16"
    "memorysetup-bucket-allocator-bucket-count=8"
    "memorysetup-bucket-allocator-block-size=33554432"
    "memorysetup-bucket-allocator-block-count=8"
    "memorysetup-main-allocator-block-size=16777216"
    "memorysetup-thread-allocator-block-size=16777216"
    "memorysetup-gfx-main-allocator-block-size=16777216"
    "memorysetup-gfx-thread-allocator-block-size=16777216"
    "memorysetup-cache-allocator-block-size=4194304"
    "memorysetup-typetree-allocator-block-size=2097152"
    "memorysetup-profiler-bucket-allocator-granularity=16"
    "memorysetup-profiler-bucket-allocator-bucket-count=8"
    "memorysetup-profiler-bucket-allocator-block-size=33554432"
    "memorysetup-profiler-bucket-allocator-block-count=8"
    "memorysetup-profiler-allocator-block-size=16777216"
    "memorysetup-profiler-editor-allocator-block-size=1048576"
    "memorysetup-temp-allocator-size-main=16777216"
    "memorysetup-job-temp-allocator-block-size=2097152"
    "memorysetup-job-temp-allocator-block-size-background=1048576"
    "memorysetup-job-temp-allocator-reduction-small-platforms=262144"
    "memorysetup-temp-allocator-size-background-worker=32768"
    "memorysetup-temp-allocator-size-job-worker=262144"
    "memorysetup-temp-allocator-size-preload-manager=33554432"
    "memorysetup-temp-allocator-size-nav-mesh-worker=65536"
    "memorysetup-temp-allocator-size-audio-worker=65536"
    "memorysetup-temp-allocator-size-cloud-worker=32768"
    "memorysetup-temp-allocator-size-gi-baking-worker=262144"
    "memorysetup-temp-allocator-size-gfx=262144"
Refreshing native plugins compatible for Editor in 104.48 ms, found 3 plugins.
Preloading 0 native plugins for Editor in 0.00 ms.
Initialize engine version: 2021.3.6f1 (7da38d85baf6)
[Subsystems] Discovering subsystems at path C:/Program Files/Unity/Hub/Editor/2021.3.6f1/Editor/Data/Resources/UnitySubsystems
[Subsystems] Discovering subsystems at path C:/Users/Kurogane/Desktop/CCLASS/CVOX/CVOX/Assets
GfxDevice: creating device client; threaded=0; jobified=0
Direct3D:
    Version:  Direct3D 11.0 [level 11.1]
    Renderer: NVIDIA GeForce GTX 1650 (ID=0x1f91)
    Vendor:   NVIDIA
    VRAM:     3962 MB
    Driver:   30.0.15.1295
Initialize mono
Mono path[0] = 'C:/Program Files/Unity/Hub/Editor/2021.3.6f1/Editor/Data/Managed'
Mono path[1] = 'C:/Program Files/Unity/Hub/Editor/2021.3.6f1/Editor/Data/MonoBleedingEdge/lib/mono/unityjit-win32'
Mono config path = 'C:/Program Files/Unity/Hub/Editor/2021.3.6f1/Editor/Data/MonoBleedingEdge/etc'
Using monoOptions --debugger-agent=transport=dt_socket,embedding=1,server=y,suspend=n,address=127.0.0.1:56800
Begin MonoManager ReloadAssembly
Registering precompiled unity dll's ...
Register platform support module: C:/Program Files/Unity/Hub/Editor/2021.3.6f1/Editor/Data/PlaybackEngines/WindowsStandaloneSupport/UnityEditor.WindowsStandalone.Extensions.dll
Registered in 0.009617 seconds.
Native extension for WindowsStandalone target not found
Refreshing native plugins compatible for Editor in 111.43 ms, found 3 plugins.
Preloading 0 native plugins for Editor in 0.00 ms.
Mono: successfully reloaded assembly
- Completed reload, in  0.720 seconds
Domain Reload Profiling:
	ReloadAssembly (720ms)
		BeginReloadAssembly (78ms)
			ExecutionOrderSort (0ms)
			DisableScriptedObjects (0ms)
			BackupInstance (0ms)
			ReleaseScriptingObjects (0ms)
			CreateAndSetChildDomain (1ms)
		EndReloadAssembly (509ms)
			LoadAssemblies (76ms)
			RebuildTransferFunctionScriptingTraits (0ms)
			SetupTypeCache (107ms)
			ReleaseScriptCaches (0ms)
			RebuildScriptCaches (33ms)
			SetupLoadedEditorAssemblies (314ms)
				LogAssemblyErrors (0ms)
				InitializePlatformSupportModulesInManaged (8ms)
				SetLoadedEditorAssemblies (0ms)
				RefreshPlugins (112ms)
				BeforeProcessingInitializeOnLoad (1ms)
				ProcessInitializeOnLoadAttributes (144ms)
				ProcessInitializeOnLoadMethodAttributes (49ms)
				AfterProcessingInitializeOnLoad (0ms)
				EditorAssembliesLoaded (0ms)
			ExecutionOrderSort2 (0ms)
			AwakeInstancesAfterBackupRestoration (0ms)
Platform modules already initialized, skipping
Registering precompiled user dll's ...
Registered in 0.006854 seconds.
Begin MonoManager ReloadAssembly
Symbol file LoadedFromMemory doesn't match image C:\Users\Kurogane\Desktop\CCLASS\CVOX\CVOX\Library\PackageCache\com.unity.visualscripting@1.7.8\Editor\VisualScripting.Core\Dependencies\YamlDotNet\Unity.VisualScripting.YamlDotNet.dll
Symbol file LoadedFromMemory doesn't match image C:\Users\Kurogane\Desktop\CCLASS\CVOX\CVOX\Library\PackageCache\com.unity.visualscripting@1.7.8\Editor\VisualScripting.Core\Dependencies\DotNetZip\Unity.VisualScripting.IonicZip.dll
Native extension for WindowsStandalone target not found
Refreshing native plugins compatible for Editor in 0.64 ms, found 3 plugins.
Preloading 0 native plugins for Editor in 0.00 ms.
Package Manager log level set to [2]
Mono: successfully reloaded assembly
- Completed reload, in  1.266 seconds
Domain Reload Profiling:
	ReloadAssembly (1268ms)
		BeginReloadAssembly (126ms)
			ExecutionOrderSort (0ms)
			DisableScriptedObjects (6ms)
			BackupInstance (0ms)
			ReleaseScriptingObjects (0ms)
			CreateAndSetChildDomain (23ms)
		EndReloadAssembly (1011ms)
			LoadAssemblies (85ms)
			RebuildTransferFunctionScriptingTraits (0ms)
			SetupTypeCache (329ms)
			ReleaseScriptCaches (1ms)
			RebuildScriptCaches (82ms)
			SetupLoadedEditorAssemblies (465ms)
				LogAssemblyErrors (0ms)
				InitializePlatformSupportModulesInManaged (6ms)
				SetLoadedEditorAssemblies (1ms)
				RefreshPlugins (1ms)
				BeforeProcessingInitializeOnLoad (112ms)
				ProcessInitializeOnLoadAttributes (304ms)
				ProcessInitializeOnLoadMethodAttributes (32ms)
				AfterProcessingInitializeOnLoad (10ms)
				EditorAssembliesLoaded (0ms)
			ExecutionOrderSort2 (0ms)
			AwakeInstancesAfterBackupRestoration (7ms)
Platform modules already initialized, skipping
========================================================================
Worker process is ready to serve import requests
Launched and connected shader compiler UnityShaderCompiler.exe after 0.04 seconds
Refreshing native plugins compatible for Editor in 0.60 ms, found 3 plugins.
Preloading 0 native plugins for Editor in 0.00 ms.
Unloading 4037 Unused Serialized files (Serialized files now loaded: 0)
Unloading 27 unused Assets / (111.0 KB). Loaded Objects now: 4494.
Memory consumption went from 170.6 MB to 170.5 MB.
Total: 3.552400 ms (FindLiveObjects: 0.298000 ms CreateObjectMapping: 0.213900 ms MarkObjects: 2.940200 ms  DeleteObjects: 0.099500 ms)

AssetImportParameters requested are different than current active one (requested -> active):
  custom:video-decoder-ogg-theora: a1e56fd34408186e4bbccfd4996cb3dc -> 
  custom:container-muxer-webm: aa71ff27fc2769a1b78a27578f13a17b -> 
  custom:container-demuxer-webm: 4f35f7cbe854078d1ac9338744f61a02 -> 
  custom:video-encoder-webm-vp8: eb34c28f22e8b96e1ab97ce403110664 -> 
  custom:video-codec-MediaFoundation-h265: 746d11721c4dcdbdad8f713fa42b33f4 -> 
  custom:audio-encoder-webm-vorbis: bf7c407c2cedff20999df2af8eb42d56 -> 
  custom:framework-win-MediaFoundation: 216162199b28c13a410421893ffa2e32 -> 
  custom:container-demuxer-ogg: 62fdf1f143b41e24485cea50d1cbac27 -> 
  custom:video-decoder-webm-vp8: 9c59270c3fd7afecdb556c50c9e8de78 -> 
  custom:audio-decoder-ogg-vorbis: bf7c407c2cedff20999df2af8eb42d56 -> 
========================================================================
Received Import Request.
  Time since last request: 303465.192594 seconds.
  path: Assets/AmplifyShaderEditor/Plugins/EditorResources/ShaderFunctions/Bicubic Precompute.asset
  artifactKey: Guid(818835145cc522e4da1f9915d8b8a984) Importer(815301076,1909f56bfc062723c751e8b465ee728b)
Start importing Assets/AmplifyShaderEditor/Plugins/EditorResources/ShaderFunctions/Bicubic Precompute.asset using Guid(818835145cc522e4da1f9915d8b8a984) Importer(815301076,1909f56bfc062723c751e8b465ee728b)  -> (artifact id: '87417b730036fcbab20354d76722b403') in 0.038813 seconds 
========================================================================
Received Import Request.
  Time since last request: 0.000030 seconds.
  path: Assets/AmplifyShaderEditor/Plugins/EditorResources/UI/Nodes/CommentNodeBase.png
  artifactKey: Guid(b2be9c55e7e7ba447967677c82b2cb23) Importer(815301076,1909f56bfc062723c751e8b465ee728b)
Start importing Assets/AmplifyShaderEditor/Plugins/EditorResources/UI/Nodes/CommentNodeBase.png using Guid(b2be9c55e7e7ba447967677c82b2cb23) Importer(815301076,1909f56bfc062723c751e8b465ee728b)  -> (artifact id: 'd2392f05751c16ed626ae2be73b0e4fb') in 0.152371 seconds 
========================================================================
Received Import Request.
  Time since last request: 0.000046 seconds.
  path: Assets/AmplifyShaderEditor/Plugins/EditorResources/ShaderFunctions/Custom Screen Position.asset
  artifactKey: Guid(35530643343074e4bb5fb02a7011bd50) Importer(815301076,1909f56bfc062723c751e8b465ee728b)
Start importing Assets/AmplifyShaderEditor/Plugins/EditorResources/ShaderFunctions/Custom Screen Position.asset using Guid(35530643343074e4bb5fb02a7011bd50) Importer(815301076,1909f56bfc062723c751e8b465ee728b)  -> (artifact id: '82218d6d2d1d6f20996483c0d481531f') in 0.002051 seconds 
========================================================================
Received Import Request.
  Time since last request: 0.000241 seconds.
  path: Assets/AmplifyShaderEditor/Plugins/EditorResources/UI/Buttons/Checkmark.png
  artifactKey: Guid(e9c4642eaa083a54ab91406d8449e6ac) Importer(815301076,1909f56bfc062723c751e8b465ee728b)
Start importing Assets/AmplifyShaderEditor/Plugins/EditorResources/UI/Buttons/Checkmark.png using Guid(e9c4642eaa083a54ab91406d8449e6ac) Importer(815301076,1909f56bfc062723c751e8b465ee728b)  -> (artifact id: 'ae465ebcd2cb51e2a6ecc59f5a3e2f7f') in 0.020383 seconds 
========================================================================
Received Import Request.
  Time since last request: 0.000027 seconds.
  path: Assets/AmplifyShaderEditor/Plugins/EditorResources/UI/Nodes/BlueNormalBaseLeft.png
  artifactKey: Guid(330fd0c8f074a3c4f8042114a61a73d9) Importer(815301076,1909f56bfc062723c751e8b465ee728b)
Start importing Assets/AmplifyShaderEditor/Plugins/EditorResources/UI/Nodes/BlueNormalBaseLeft.png using Guid(330fd0c8f074a3c4f8042114a61a73d9) Importer(815301076,1909f56bfc062723c751e8b465ee728b)  -> (artifact id: '2faa16fce83a191fa3a394f98f4e8e0d') in 0.015597 seconds 
========================================================================
Received Import Request.
  Time since last request: 0.000030 seconds.
  path: Assets/AmplifyShaderEditor/Plugins/EditorResources/ShaderFunctions/CotangentFrame.asset
  artifactKey: Guid(62ce0f00f1417804bb4f2b38501ba0d0) Importer(815301076,1909f56bfc062723c751e8b465ee728b)
Start importing Assets/AmplifyShaderEditor/Plugins/EditorResources/ShaderFunctions/CotangentFrame.asset using Guid(62ce0f00f1417804bb4f2b38501ba0d0) Importer(815301076,1909f56bfc062723c751e8b465ee728b)  -> (artifact id: '0238884d01099bce3534b01f35caf6cc') in 0.004889 seconds 
========================================================================
Received Import Request.
  Time since last request: 0.000029 seconds.
  path: Assets/AmplifyShaderEditor/Plugins/EditorResources/ShaderFunctions/Bidirectional Parallax Mapping.asset
  artifactKey: Guid(ab457a4ccb6d8f745b63ef50e1417242) Importer(815301076,1909f56bfc062723c751e8b465ee728b)
Start importing Assets/AmplifyShaderEditor/Plugins/EditorResources/ShaderFunctions/Bidirectional Parallax Mapping.asset using Guid(ab457a4ccb6d8f745b63ef50e1417242) Importer(815301076,1909f56bfc062723c751e8b465ee728b)  -> (artifact id: 'b79073d37844dc19b01442a867eb7816') in 0.005870 seconds 
========================================================================
Received Import Request.
  Time since last request: 0.000059 seconds.
  path: Assets/AmplifyShaderEditor/Plugins/EditorResources/ShaderFunctions/Color Mask.asset
  artifactKey: Guid(eec747d987850564c95bde0e5a6d1867) Importer(815301076,1909f56bfc062723c751e8b465ee728b)
Start importing Assets/AmplifyShaderEditor/Plugins/EditorResources/ShaderFunctions/Color Mask.asset using Guid(eec747d987850564c95bde0e5a6d1867) Importer(815301076,1909f56bfc062723c751e8b465ee728b)  -> (artifact id: 'b80b33385deef7acab8870b150a44444') in 0.004726 seconds 
========================================================================
Received Import Request.
  Time since last request: 0.000033 seconds.
  path: Assets/AmplifyShaderEditor/Plugins/EditorResources/ShaderFunctions/Bicubic Sample.asset
  artifactKey: Guid(ce0e14d5ad5eac645b2e5892ab3506ff) Importer(815301076,1909f56bfc062723c751e8b465ee728b)
Start importing Assets/AmplifyShaderEditor/Plugins/EditorResources/ShaderFunctions/Bicubic Sample.asset using Guid(ce0e14d5ad5eac645b2e5892ab3506ff) Importer(815301076,1909f56bfc062723c751e8b465ee728b)  -> (artifact id: '0143b7606ff4d8d619c0b1d3a7ab38d5') in 0.005686 seconds 
