Using pre-set license
Built from '2021.3/staging' branch; Version is '2021.3.6f1 (7da38d85baf6) revision 8233869'; Using compiler version '192829333'; Build Type 'Release'
OS: 'Windows 10  (10.0.19045) 64bit Core' Language: 'en' Physical Memory: 16235 MB
BatchMode: 1, IsHumanControllingUs: 0, StartBugReporterOnCrash: 0, Is64bit: 1, IsPro: 1

COMMAND LINE ARGUMENTS:
C:\Program Files\Unity\Hub\Editor\2021.3.6f1\Editor\Unity.exe
-adb2
-batchMode
-noUpm
-name
AssetImportWorker0
-projectPath
C:/Users/Kurogane/Desktop/CCLASS/CVOX/CVOX
-logFile
Logs/AssetImportWorker0.log
-srvPort
49528
Successfully changed project path to: C:/Users/Kurogane/Desktop/CCLASS/CVOX/CVOX
C:/Users/Kurogane/Desktop/CCLASS/CVOX/CVOX
[UnityMemory] Configuration Parameters - Can be set up in boot.config
    "memorysetup-bucket-allocator-granularity=16"
    "memorysetup-bucket-allocator-bucket-count=8"
    "memorysetup-bucket-allocator-block-size=33554432"
    "memorysetup-bucket-allocator-block-count=8"
    "memorysetup-main-allocator-block-size=16777216"
    "memorysetup-thread-allocator-block-size=16777216"
    "memorysetup-gfx-main-allocator-block-size=16777216"
    "memorysetup-gfx-thread-allocator-block-size=16777216"
    "memorysetup-cache-allocator-block-size=4194304"
    "memorysetup-typetree-allocator-block-size=2097152"
    "memorysetup-profiler-bucket-allocator-granularity=16"
    "memorysetup-profiler-bucket-allocator-bucket-count=8"
    "memorysetup-profiler-bucket-allocator-block-size=33554432"
    "memorysetup-profiler-bucket-allocator-block-count=8"
    "memorysetup-profiler-allocator-block-size=16777216"
    "memorysetup-profiler-editor-allocator-block-size=1048576"
    "memorysetup-temp-allocator-size-main=16777216"
    "memorysetup-job-temp-allocator-block-size=2097152"
    "memorysetup-job-temp-allocator-block-size-background=1048576"
    "memorysetup-job-temp-allocator-reduction-small-platforms=262144"
    "memorysetup-temp-allocator-size-background-worker=32768"
    "memorysetup-temp-allocator-size-job-worker=262144"
    "memorysetup-temp-allocator-size-preload-manager=33554432"
    "memorysetup-temp-allocator-size-nav-mesh-worker=65536"
    "memorysetup-temp-allocator-size-audio-worker=65536"
    "memorysetup-temp-allocator-size-cloud-worker=32768"
    "memorysetup-temp-allocator-size-gi-baking-worker=262144"
    "memorysetup-temp-allocator-size-gfx=262144"
Refreshing native plugins compatible for Editor in 111.51 ms, found 3 plugins.
Preloading 0 native plugins for Editor in 0.00 ms.
Initialize engine version: 2021.3.6f1 (7da38d85baf6)
[Subsystems] Discovering subsystems at path C:/Program Files/Unity/Hub/Editor/2021.3.6f1/Editor/Data/Resources/UnitySubsystems
[Subsystems] Discovering subsystems at path C:/Users/Kurogane/Desktop/CCLASS/CVOX/CVOX/Assets
GfxDevice: creating device client; threaded=0; jobified=0
Direct3D:
    Version:  Direct3D 11.0 [level 11.1]
    Renderer: NVIDIA GeForce GTX 1650 (ID=0x1f91)
    Vendor:   NVIDIA
    VRAM:     3962 MB
    Driver:   30.0.15.1295
Initialize mono
Mono path[0] = 'C:/Program Files/Unity/Hub/Editor/2021.3.6f1/Editor/Data/Managed'
Mono path[1] = 'C:/Program Files/Unity/Hub/Editor/2021.3.6f1/Editor/Data/MonoBleedingEdge/lib/mono/unityjit-win32'
Mono config path = 'C:/Program Files/Unity/Hub/Editor/2021.3.6f1/Editor/Data/MonoBleedingEdge/etc'
Using monoOptions --debugger-agent=transport=dt_socket,embedding=1,server=y,suspend=n,address=127.0.0.1:56240
Begin MonoManager ReloadAssembly
Registering precompiled unity dll's ...
Register platform support module: C:/Program Files/Unity/Hub/Editor/2021.3.6f1/Editor/Data/PlaybackEngines/WindowsStandaloneSupport/UnityEditor.WindowsStandalone.Extensions.dll
Registered in 0.012032 seconds.
Native extension for WindowsStandalone target not found
Refreshing native plugins compatible for Editor in 115.35 ms, found 3 plugins.
Preloading 0 native plugins for Editor in 0.00 ms.
Mono: successfully reloaded assembly
- Completed reload, in  0.725 seconds
Domain Reload Profiling:
	ReloadAssembly (726ms)
		BeginReloadAssembly (75ms)
			ExecutionOrderSort (0ms)
			DisableScriptedObjects (0ms)
			BackupInstance (0ms)
			ReleaseScriptingObjects (0ms)
			CreateAndSetChildDomain (1ms)
		EndReloadAssembly (527ms)
			LoadAssemblies (72ms)
			RebuildTransferFunctionScriptingTraits (0ms)
			SetupTypeCache (119ms)
			ReleaseScriptCaches (0ms)
			RebuildScriptCaches (27ms)
			SetupLoadedEditorAssemblies (324ms)
				LogAssemblyErrors (0ms)
				InitializePlatformSupportModulesInManaged (8ms)
				SetLoadedEditorAssemblies (0ms)
				RefreshPlugins (115ms)
				BeforeProcessingInitializeOnLoad (1ms)
				ProcessInitializeOnLoadAttributes (153ms)
				ProcessInitializeOnLoadMethodAttributes (46ms)
				AfterProcessingInitializeOnLoad (0ms)
				EditorAssembliesLoaded (0ms)
			ExecutionOrderSort2 (0ms)
			AwakeInstancesAfterBackupRestoration (0ms)
Platform modules already initialized, skipping
Registering precompiled user dll's ...
Registered in 0.006841 seconds.
Begin MonoManager ReloadAssembly
Symbol file LoadedFromMemory doesn't match image C:\Users\Kurogane\Desktop\CCLASS\CVOX\CVOX\Library\PackageCache\com.unity.visualscripting@1.7.8\Editor\VisualScripting.Core\Dependencies\YamlDotNet\Unity.VisualScripting.YamlDotNet.dll
Symbol file LoadedFromMemory doesn't match image C:\Users\Kurogane\Desktop\CCLASS\CVOX\CVOX\Library\PackageCache\com.unity.visualscripting@1.7.8\Editor\VisualScripting.Core\Dependencies\DotNetZip\Unity.VisualScripting.IonicZip.dll
Native extension for WindowsStandalone target not found
Refreshing native plugins compatible for Editor in 0.63 ms, found 3 plugins.
Preloading 0 native plugins for Editor in 0.00 ms.
Package Manager log level set to [2]
Mono: successfully reloaded assembly
- Completed reload, in  1.248 seconds
Domain Reload Profiling:
	ReloadAssembly (1249ms)
		BeginReloadAssembly (126ms)
			ExecutionOrderSort (0ms)
			DisableScriptedObjects (6ms)
			BackupInstance (0ms)
			ReleaseScriptingObjects (0ms)
			CreateAndSetChildDomain (22ms)
		EndReloadAssembly (987ms)
			LoadAssemblies (98ms)
			RebuildTransferFunctionScriptingTraits (0ms)
			SetupTypeCache (299ms)
			ReleaseScriptCaches (1ms)
			RebuildScriptCaches (83ms)
			SetupLoadedEditorAssemblies (463ms)
				LogAssemblyErrors (0ms)
				InitializePlatformSupportModulesInManaged (6ms)
				SetLoadedEditorAssemblies (0ms)
				RefreshPlugins (1ms)
				BeforeProcessingInitializeOnLoad (112ms)
				ProcessInitializeOnLoadAttributes (273ms)
				ProcessInitializeOnLoadMethodAttributes (59ms)
				AfterProcessingInitializeOnLoad (13ms)
				EditorAssembliesLoaded (0ms)
			ExecutionOrderSort2 (0ms)
			AwakeInstancesAfterBackupRestoration (9ms)
Platform modules already initialized, skipping
========================================================================
Worker process is ready to serve import requests
Launched and connected shader compiler UnityShaderCompiler.exe after 0.04 seconds
Refreshing native plugins compatible for Editor in 0.61 ms, found 3 plugins.
Preloading 0 native plugins for Editor in 0.00 ms.
Unloading 4037 Unused Serialized files (Serialized files now loaded: 0)
Unloading 27 unused Assets / (111.0 KB). Loaded Objects now: 4494.
Memory consumption went from 170.6 MB to 170.5 MB.
Total: 3.028700 ms (FindLiveObjects: 0.349500 ms CreateObjectMapping: 0.220200 ms MarkObjects: 2.361300 ms  DeleteObjects: 0.096800 ms)

AssetImportParameters requested are different than current active one (requested -> active):
  custom:video-decoder-ogg-theora: a1e56fd34408186e4bbccfd4996cb3dc -> 
  custom:container-muxer-webm: aa71ff27fc2769a1b78a27578f13a17b -> 
  custom:container-demuxer-webm: 4f35f7cbe854078d1ac9338744f61a02 -> 
  custom:video-encoder-webm-vp8: eb34c28f22e8b96e1ab97ce403110664 -> 
  custom:video-codec-MediaFoundation-h265: 746d11721c4dcdbdad8f713fa42b33f4 -> 
  custom:audio-encoder-webm-vorbis: bf7c407c2cedff20999df2af8eb42d56 -> 
  custom:framework-win-MediaFoundation: 216162199b28c13a410421893ffa2e32 -> 
  custom:container-demuxer-ogg: 62fdf1f143b41e24485cea50d1cbac27 -> 
  custom:video-decoder-webm-vp8: 9c59270c3fd7afecdb556c50c9e8de78 -> 
  custom:audio-decoder-ogg-vorbis: bf7c407c2cedff20999df2af8eb42d56 -> 
========================================================================
Received Import Request.
  Time since last request: 303461.470483 seconds.
  path: Assets/Scenes
  artifactKey: Guid(6ea315d0fd7389c41b19996891e99ae3) Importer(815301076,1909f56bfc062723c751e8b465ee728b)
Start importing Assets/Scenes using Guid(6ea315d0fd7389c41b19996891e99ae3) Importer(815301076,1909f56bfc062723c751e8b465ee728b)  -> (artifact id: 'b8193726cff86800c54781cdc6d54904') in 0.007141 seconds 
========================================================================
Received Import Request.
  Time since last request: 3.708965 seconds.
  path: Assets/AmplifyShaderEditor/Plugins/EditorResources/ShaderFunctions/Bacteria Smoothstep.asset
  artifactKey: Guid(d36a59c7990768542a8760d627324096) Importer(815301076,1909f56bfc062723c751e8b465ee728b)
Start importing Assets/AmplifyShaderEditor/Plugins/EditorResources/ShaderFunctions/Bacteria Smoothstep.asset using Guid(d36a59c7990768542a8760d627324096) Importer(815301076,1909f56bfc062723c751e8b465ee728b)  -> (artifact id: '882ed4e082e743dc38994c7934848345') in 0.030208 seconds 
========================================================================
Received Import Request.
  Time since last request: 0.000020 seconds.
  path: Assets/AmplifyShaderEditor/Plugins/EditorResources/UI/Nodes/CommentaryResizeIconInv.png
  artifactKey: Guid(b52bc320a2ff91446978a893ec738134) Importer(815301076,1909f56bfc062723c751e8b465ee728b)
Start importing Assets/AmplifyShaderEditor/Plugins/EditorResources/UI/Nodes/CommentaryResizeIconInv.png using Guid(b52bc320a2ff91446978a893ec738134) Importer(815301076,1909f56bfc062723c751e8b465ee728b)  -> (artifact id: 'd96659ce7546ef9119bbc0fb99be8611') in 0.160352 seconds 
========================================================================
Received Import Request.
  Time since last request: 0.000028 seconds.
  path: Assets/AmplifyShaderEditor/Plugins/EditorResources/ShaderFunctions/ComputeFilterWidth.asset
  artifactKey: Guid(326bea850683cca44ae7af083d880d70) Importer(815301076,1909f56bfc062723c751e8b465ee728b)
Start importing Assets/AmplifyShaderEditor/Plugins/EditorResources/ShaderFunctions/ComputeFilterWidth.asset using Guid(326bea850683cca44ae7af083d880d70) Importer(815301076,1909f56bfc062723c751e8b465ee728b)  -> (artifact id: '124fc005fd6875e77c7eac2ed34cfd6c') in 0.002335 seconds 
========================================================================
Received Import Request.
  Time since last request: 0.000035 seconds.
  path: Assets/AmplifyShaderEditor/Plugins/EditorResources/UI/Nodes/BlueNormalBaseSquare.png
  artifactKey: Guid(d179c8744f837da49ab92aae04d1ae1c) Importer(815301076,1909f56bfc062723c751e8b465ee728b)
Start importing Assets/AmplifyShaderEditor/Plugins/EditorResources/UI/Nodes/BlueNormalBaseSquare.png using Guid(d179c8744f837da49ab92aae04d1ae1c) Importer(815301076,1909f56bfc062723c751e8b465ee728b)  -> (artifact id: 'fb7eee353f3c4a055862ee38fc132b67') in 0.018511 seconds 
========================================================================
Received Import Request.
  Time since last request: 0.000042 seconds.
  path: Assets/AmplifyShaderEditor/Plugins/EditorResources/UI/Nodes/BlueNormalHeader.png
  artifactKey: Guid(bd910a1d744309b499b59062db7891ab) Importer(815301076,1909f56bfc062723c751e8b465ee728b)
Start importing Assets/AmplifyShaderEditor/Plugins/EditorResources/UI/Nodes/BlueNormalHeader.png using Guid(bd910a1d744309b499b59062db7891ab) Importer(815301076,1909f56bfc062723c751e8b465ee728b)  -> (artifact id: 'f844ce4c61673da986cf534988304a3d') in 0.020256 seconds 
========================================================================
Received Import Request.
  Time since last request: 0.000063 seconds.
  path: Assets/AmplifyShaderEditor/Plugins/EditorResources/UI/Nodes/CommentaryResizeIcon.png
  artifactKey: Guid(5321bd2b79632764286f28503db80815) Importer(815301076,1909f56bfc062723c751e8b465ee728b)
Start importing Assets/AmplifyShaderEditor/Plugins/EditorResources/UI/Nodes/CommentaryResizeIcon.png using Guid(5321bd2b79632764286f28503db80815) Importer(815301076,1909f56bfc062723c751e8b465ee728b)  -> (artifact id: 'dd349f842a15d939716e516f1a8ab97a') in 0.015743 seconds 
========================================================================
Received Import Request.
  Time since last request: 0.000094 seconds.
  path: Assets/AmplifyShaderEditor/Plugins/EditorResources/ShaderFunctions/BoxMask.asset
  artifactKey: Guid(9dce4093ad5a42b4aa255f0153c4f209) Importer(815301076,1909f56bfc062723c751e8b465ee728b)
Start importing Assets/AmplifyShaderEditor/Plugins/EditorResources/ShaderFunctions/BoxMask.asset using Guid(9dce4093ad5a42b4aa255f0153c4f209) Importer(815301076,1909f56bfc062723c751e8b465ee728b)  -> (artifact id: 'e6ec42b3adba73e1ec02216c4d2e7fa0') in 0.003597 seconds 
========================================================================
Received Import Request.
  Time since last request: 0.000125 seconds.
  path: Assets/AmplifyShaderEditor/Plugins/EditorResources/UI/Nodes/BlueNormalBase.png
  artifactKey: Guid(60c283ffa9a758646ab70a2fe7ff5f71) Importer(815301076,1909f56bfc062723c751e8b465ee728b)
Start importing Assets/AmplifyShaderEditor/Plugins/EditorResources/UI/Nodes/BlueNormalBase.png using Guid(60c283ffa9a758646ab70a2fe7ff5f71) Importer(815301076,1909f56bfc062723c751e8b465ee728b)  -> (artifact id: '2701e6da209309c0a7825a661bfe023f') in 0.018573 seconds 
Editor requested this worker to shutdown with reason: Scaling down because of idle timeout
AssetImportWorker is now disconnected from the server
Process exiting
Exiting without the bug reporter. Application will terminate with return code 0